2026-06-26 09:34:08,285 - main - INFO - Processing image: samples/ss.jpg
2026-06-26 09:34:08,313 - main - WARNING - No document detected in the image
2026-06-26 09:34:40,018 - main - INFO - Processing image: samples/businesscard.png
2026-06-26 09:34:40,029 - main - WARNING - No document detected in the image
2026-06-26 09:36:25,636 - main - INFO - Processing image: ./samples\businesscard.jpg
2026-06-26 09:36:25,652 - main - WARNING - No document detected in the image
2026-06-26 09:36:25,660 - main - INFO - Processing image: ./samples\ss.jpg
2026-06-26 09:36:25,667 - main - WARNING - No document detected in the image
2026-06-26 09:36:25,680 - main - INFO - Processing image: ./samples\businesscard.png
2026-06-26 09:36:25,688 - main - WARNING - No document detected in the image
2026-06-26 09:47:35,864 - main - INFO - Processing image: samples/ss.jpg
2026-06-26 09:47:35,880 - document_scanner - INFO - Edge detection failed, trying adaptive threshold...
2026-06-26 09:47:35,886 - document_scanner - INFO - Threshold detection failed, trying contour approximation...
2026-06-26 09:47:35,915 - main - WARNING - No document detected in the image
2026-06-26 09:48:28,907 - main - INFO - Processing image: samples/business_card_normal.jpg
2026-06-26 09:48:28,939 - main - INFO - Debug image saved to: outputs\debug\business_card_normal.jpg
2026-06-26 09:48:28,969 - main - INFO - Corrected image saved to: outputs\processed\business_card_normal_corrected.jpg
2026-06-26 09:48:29,338 - main - INFO - Enhanced image saved to: outputs\processed\business_card_normal_enhanced.jpg
2026-06-26 09:48:29,377 - main - ERROR - Error processing image: tesseract is not installed or it's not in your PATH. See README file for more information.
2026-06-26 09:53:22,339 - main - INFO - Processing image: samples/business_card_normal.jpg
2026-06-26 09:53:22,363 - main - INFO - Debug image saved to: outputs\debug\business_card_normal.jpg
2026-06-26 09:53:22,390 - main - INFO - Corrected image saved to: outputs\processed\business_card_normal_corrected.jpg
2026-06-26 09:53:22,723 - main - INFO - Enhanced image saved to: outputs\processed\business_card_normal_enhanced.jpg
2026-06-26 09:53:22,749 - main - ERROR - Error processing image: tesseract is not installed or it's not in your PATH. See README file for more information.
2026-06-26 10:33:08,811 - main - INFO - Processing image: samples/ss.jpg
2026-06-26 10:33:08,846 - document_scanner - INFO - Edge detection failed, trying adaptive threshold...
2026-06-26 10:33:08,849 - document_scanner - INFO - Threshold detection failed, trying contour approximation...
2026-06-26 10:33:08,875 - main - WARNING - No document detected in the image
2026-06-26 10:47:58,125 - main - INFO - Processing image: samples/ss.jpg
2026-06-26 10:47:58,174 - document_scanner - INFO - Edge detection failed, trying adaptive threshold...
2026-06-26 10:47:58,179 - document_scanner - INFO - Threshold detection failed, trying contour approximation...
2026-06-26 10:47:58,217 - main - WARNING - No document detected in the image
2026-06-26 10:51:05,043 - main - INFO - Processing image: samples/business_card_normal.jpg
2026-06-26 10:51:05,079 - main - INFO - Debug image saved to: outputs\debug\business_card_normal.jpg
2026-06-26 10:51:05,108 - main - INFO - Corrected image saved to: outputs\processed\business_card_normal_corrected.jpg
2026-06-26 10:51:05,559 - main - INFO - Enhanced image saved to: outputs\processed\business_card_normal_enhanced.jpg
2026-06-26 10:51:06,186 - main - INFO - Successfully processed image in 1159.02ms
2026-06-26 10:54:44,162 - main - INFO - Processing image: ./samples\businesscard.jpg
2026-06-26 10:54:44,236 - main - INFO - Debug image saved to: outputs\debug\businesscard.jpg
2026-06-26 10:54:44,287 - main - INFO - Corrected image saved to: outputs\processed\businesscard_corrected.jpg
2026-06-26 10:54:44,905 - main - INFO - Enhanced image saved to: outputs\processed\businesscard_enhanced.jpg
2026-06-26 10:54:46,142 - main - INFO - Successfully processed image in 2044.54ms
2026-06-26 10:54:46,166 - main - INFO - Processing image: ./samples\business_card_low_light.jpg
2026-06-26 10:54:46,187 - main - INFO - Debug image saved to: outputs\debug\business_card_low_light.jpg
2026-06-26 10:54:46,220 - main - INFO - Corrected image saved to: outputs\processed\business_card_low_light_corrected.jpg
2026-06-26 10:54:46,648 - main - INFO - Enhanced image saved to: outputs\processed\business_card_low_light_enhanced.jpg
2026-06-26 10:54:47,098 - main - INFO - Successfully processed image in 952.42ms
2026-06-26 10:54:47,120 - main - INFO - Processing image: ./samples\business_card_noisy.jpg
2026-06-26 10:54:47,148 - main - INFO - Debug image saved to: outputs\debug\business_card_noisy.jpg
2026-06-26 10:54:47,189 - main - INFO - Corrected image saved to: outputs\processed\business_card_noisy_corrected.jpg
2026-06-26 10:54:47,651 - main - INFO - Enhanced image saved to: outputs\processed\business_card_noisy_enhanced.jpg
2026-06-26 10:54:48,253 - main - INFO - Successfully processed image in 1152.12ms
2026-06-26 10:54:48,262 - main - INFO - Processing image: ./samples\business_card_normal.jpg
2026-06-26 10:54:48,284 - main - INFO - Debug image saved to: outputs\debug\business_card_normal.jpg
2026-06-26 10:54:48,314 - main - INFO - Corrected image saved to: outputs\processed\business_card_normal_corrected.jpg
2026-06-26 10:54:48,722 - main - INFO - Enhanced image saved to: outputs\processed\business_card_normal_enhanced.jpg
2026-06-26 10:54:49,186 - main - INFO - Successfully processed image in 930.14ms
2026-06-26 10:54:49,200 - main - INFO - Processing image: ./samples\business_card_perspective.jpg
2026-06-26 10:54:49,223 - main - INFO - Debug image saved to: outputs\debug\business_card_perspective.jpg
2026-06-26 10:54:49,285 - main - INFO - Corrected image saved to: outputs\processed\business_card_perspective_corrected.jpg
2026-06-26 10:54:49,771 - main - INFO - Enhanced image saved to: outputs\processed\business_card_perspective_enhanced.jpg
2026-06-26 10:54:50,250 - main - INFO - Successfully processed image in 1062.74ms
2026-06-26 10:54:50,266 - main - INFO - Processing image: ./samples\business_card_rotated.jpg
2026-06-26 10:54:50,287 - main - INFO - Debug image saved to: outputs\debug\business_card_rotated.jpg
2026-06-26 10:54:50,307 - main - INFO - Corrected image saved to: outputs\processed\business_card_rotated_corrected.jpg
2026-06-26 10:54:50,622 - main - INFO - Enhanced image saved to: outputs\processed\business_card_rotated_enhanced.jpg
2026-06-26 10:54:51,104 - main - INFO - Successfully processed image in 851.07ms
2026-06-26 10:54:51,114 - main - INFO - Processing image: ./samples\ss.jpg
2026-06-26 10:54:51,123 - document_scanner - INFO - Edge detection failed, trying adaptive threshold...
2026-06-26 10:54:51,127 - document_scanner - INFO - Threshold detection failed, trying contour approximation...
2026-06-26 10:54:51,155 - main - WARNING - No document detected in the image
2026-06-26 10:54:51,187 - main - INFO - Processing image: ./samples\businesscard.png
2026-06-26 10:54:51,200 - document_scanner - INFO - Edge detection failed, trying adaptive threshold...
2026-06-26 10:54:51,203 - document_scanner - INFO - Threshold detection failed, trying contour approximation...
2026-06-26 10:54:51,231 - main - INFO - Debug image saved to: outputs\debug\businesscard.png
2026-06-26 10:54:51,297 - main - INFO - Corrected image saved to: outputs\processed\businesscard_corrected.png
2026-06-26 10:54:51,902 - main - INFO - Enhanced image saved to: outputs\processed\businesscard_enhanced.png
2026-06-26 10:54:52,733 - main - INFO - Successfully processed image in 1577.75ms
2026-06-26 12:56:05,443 - main - INFO - Processing image: C:\Users\aisal\AppData\Local\Temp\tmpjp3eoq6f.jpg
2026-06-26 12:56:05,540 - main - INFO - Debug image saved to: outputs\debug\tmpjp3eoq6f.jpg
2026-06-26 12:56:05,583 - main - INFO - Corrected image saved to: outputs\processed\tmpjp3eoq6f_corrected.jpg
2026-06-26 12:56:06,012 - main - INFO - Enhanced image saved to: outputs\processed\tmpjp3eoq6f_enhanced.jpg
2026-06-26 12:56:07,051 - main - INFO - Successfully processed image in 1636.59ms
2026-06-26 12:56:07,548 - main - INFO - Processing image: C:\Users\aisal\AppData\Local\Temp\tmp4crizq_c.jpg
2026-06-26 12:56:07,573 - main - INFO - Debug image saved to: outputs\debug\tmp4crizq_c.jpg
2026-06-26 12:56:07,617 - main - INFO - Corrected image saved to: outputs\processed\tmp4crizq_c_corrected.jpg
2026-06-26 12:56:08,099 - main - INFO - Enhanced image saved to: outputs\processed\tmp4crizq_c_enhanced.jpg
2026-06-26 12:56:08,662 - main - INFO - Successfully processed image in 1127.42ms
2026-06-26 17:28:45,129 - main - INFO - Processing image: C:\Users\aisal\AppData\Local\Temp\tmp5j55l3ef.jpg
2026-06-26 17:28:45,171 - main - INFO - Debug image saved to: outputs\debug\tmp5j55l3ef.jpg
2026-06-26 17:28:45,224 - main - INFO - Corrected image saved to: outputs\processed\tmp5j55l3ef_corrected.jpg
2026-06-26 17:28:45,711 - main - INFO - Enhanced image saved to: outputs\processed\tmp5j55l3ef_enhanced.jpg
2026-06-26 17:28:46,703 - main - INFO - Successfully processed image in 1588.64ms
2026-06-26 17:29:37,887 - main - INFO - Processing image: C:\Users\aisal\AppData\Local\Temp\tmpv_ynzzn7.jpg
2026-06-26 17:29:37,915 - main - INFO - Debug image saved to: outputs\debug\tmpv_ynzzn7.jpg
2026-06-26 17:29:37,941 - main - INFO - Corrected image saved to: outputs\processed\tmpv_ynzzn7_corrected.jpg
2026-06-26 17:29:38,421 - main - INFO - Enhanced image saved to: outputs\processed\tmpv_ynzzn7_enhanced.jpg
2026-06-26 17:29:39,047 - main - INFO - Successfully processed image in 1174.30ms
2026-06-26 17:30:18,892 - main - INFO - Processing image: C:\Users\aisal\AppData\Local\Temp\tmpz64449ni.jpg
2026-06-26 17:30:18,917 - main - INFO - Debug image saved to: outputs\debug\tmpz64449ni.jpg
2026-06-26 17:30:18,951 - main - INFO - Corrected image saved to: outputs\processed\tmpz64449ni_corrected.jpg
2026-06-26 17:30:19,433 - main - INFO - Enhanced image saved to: outputs\processed\tmpz64449ni_enhanced.jpg
2026-06-26 17:30:20,064 - main - INFO - Successfully processed image in 1189.56ms
2026-06-26 17:30:35,733 - main - INFO - Processing image: C:\Users\aisal\AppData\Local\Temp\tmpfdrb45bv.jpg
2026-06-26 17:30:35,772 - main - WARNING - No document detected in the image
2026-06-26 17:30:53,412 - main - INFO - Processing image: C:\Users\aisal\AppData\Local\Temp\tmpxtjc5rhv.png
2026-06-26 17:30:53,456 - main - WARNING - No document detected in the image
2026-06-26 17:31:13,548 - main - INFO - Processing image: C:\Users\aisal\AppData\Local\Temp\tmpoy9elgqg.jpg
2026-06-26 17:31:13,591 - main - INFO - Debug image saved to: outputs\debug\tmpoy9elgqg.jpg
2026-06-26 17:31:13,648 - main - INFO - Corrected image saved to: outputs\processed\tmpoy9elgqg_corrected.jpg
2026-06-26 17:31:14,344 - main - INFO - Enhanced image saved to: outputs\processed\tmpoy9elgqg_enhanced.jpg
2026-06-26 17:31:16,154 - main - INFO - Successfully processed image in 2655.73ms
2026-06-26 17:36:47,520 - main - INFO - Processing image: C:\Users\aisal\AppData\Local\Temp\tmpilvx1kwx.png
2026-06-26 17:36:47,538 - main - WARNING - No document detected in the image
2026-06-26 17:37:01,579 - main - INFO - Processing image: C:\Users\aisal\AppData\Local\Temp\tmpqzl6xcbw.png
2026-06-26 17:37:01,594 - main - WARNING - No document detected in the image
2026-06-26 17:37:09,174 - main - INFO - Processing image: C:\Users\aisal\AppData\Local\Temp\tmpk9usx3_3.png
2026-06-26 17:37:09,196 - main - WARNING - No document detected in the image
2026-06-26 17:37:25,355 - main - INFO - Processing image: C:\Users\aisal\AppData\Local\Temp\tmpnjn31c8a.jpg
2026-06-26 17:37:25,397 - main - INFO - Debug image saved to: outputs\debug\tmpnjn31c8a.jpg
2026-06-26 17:37:25,459 - main - INFO - Corrected image saved to: outputs\processed\tmpnjn31c8a_corrected.jpg
2026-06-26 17:37:26,023 - main - INFO - Enhanced image saved to: outputs\processed\tmpnjn31c8a_enhanced.jpg
2026-06-26 17:37:26,752 - main - INFO - Successfully processed image in 1417.22ms
2026-06-26 17:40:09,882 - main - INFO - Processing image: C:\Users\aisal\AppData\Local\Temp\tmp0tqvn5cz.jpg
2026-06-26 17:40:09,917 - main - INFO - Debug image saved to: outputs\debug\tmp0tqvn5cz.jpg
2026-06-26 17:40:09,953 - main - INFO - Corrected image saved to: outputs\processed\tmp0tqvn5cz_corrected.jpg
2026-06-26 17:40:10,482 - main - INFO - Enhanced image saved to: outputs\processed\tmp0tqvn5cz_enhanced.jpg
2026-06-26 17:40:11,214 - main - INFO - Successfully processed image in 1347.29ms
2026-06-26 17:40:34,850 - main - INFO - Processing image: C:\Users\aisal\AppData\Local\Temp\tmp5ck10qma.png
2026-06-26 17:40:34,874 - main - WARNING - No document detected in the image
2026-06-26 17:40:37,966 - main - INFO - Processing image: C:\Users\aisal\AppData\Local\Temp\tmpmrqn2b8j.png
2026-06-26 17:40:37,982 - main - WARNING - No document detected in the image
2026-06-26 18:31:45,783 - main - INFO - Processing image: C:\Users\aisal\AppData\Local\Temp\tmpg0caq33j.jpg
2026-06-26 18:31:45,812 - main - INFO - Debug image saved to: outputs\debug\tmpg0caq33j.jpg
2026-06-26 18:31:45,851 - main - INFO - Corrected image saved to: outputs\processed\tmpg0caq33j_corrected.jpg
2026-06-26 18:31:46,195 - main - INFO - Enhanced image saved to: outputs\processed\tmpg0caq33j_enhanced.jpg
2026-06-26 18:31:46,763 - main - INFO - Successfully processed image in 992.64ms
2026-06-26 18:31:47,409 - main - INFO - Processing image: C:\Users\aisal\AppData\Local\Temp\tmpbauu_i7u.jpg
2026-06-26 18:31:47,431 - main - INFO - Debug image saved to: outputs\debug\tmpbauu_i7u.jpg
2026-06-26 18:31:47,465 - main - INFO - Corrected image saved to: outputs\processed\tmpbauu_i7u_corrected.jpg
2026-06-26 18:31:47,794 - main - INFO - Enhanced image saved to: outputs\processed\tmpbauu_i7u_enhanced.jpg
2026-06-26 18:31:48,209 - main - INFO - Successfully processed image in 813.19ms
2026-06-26 18:32:16,910 - main - INFO - Processing image: C:\Users\aisal\AppData\Local\Temp\tmp35m500nf.png
2026-06-26 18:32:16,933 - main - WARNING - No document detected in the image
2026-06-26 18:34:50,735 - main - INFO - Processing image: ./samples\bcll.jpg
2026-06-26 18:34:50,759 - main - INFO - Debug image saved to: outputs\debug\bcll.jpg
2026-06-26 18:34:50,787 - main - INFO - Corrected image saved to: outputs\processed\bcll_corrected.jpg
2026-06-26 18:34:51,161 - main - INFO - Enhanced image saved to: outputs\processed\bcll_enhanced.jpg
2026-06-26 18:34:51,716 - main - INFO - Successfully processed image in 988.32ms
2026-06-26 18:34:51,724 - main - INFO - Processing image: ./samples\bcn.jpg
2026-06-26 18:34:51,745 - main - INFO - Debug image saved to: outputs\debug\bcn.jpg
2026-06-26 18:34:51,774 - main - INFO - Corrected image saved to: outputs\processed\bcn_corrected.jpg
2026-06-26 18:34:52,194 - main - INFO - Enhanced image saved to: outputs\processed\bcn_enhanced.jpg
2026-06-26 18:34:52,694 - main - INFO - Successfully processed image in 975.02ms
2026-06-26 18:34:52,702 - main - INFO - Processing image: ./samples\bcnoise.jpg
2026-06-26 18:34:52,724 - main - INFO - Debug image saved to: outputs\debug\bcnoise.jpg
2026-06-26 18:34:52,757 - main - INFO - Corrected image saved to: outputs\processed\bcnoise_corrected.jpg
2026-06-26 18:34:53,184 - main - INFO - Enhanced image saved to: outputs\processed\bcnoise_enhanced.jpg
2026-06-26 18:34:53,888 - main - INFO - Successfully processed image in 1192.59ms
2026-06-26 18:34:53,907 - main - INFO - Processing image: ./samples\bcr.jpg
2026-06-26 18:34:53,926 - main - INFO - Debug image saved to: outputs\debug\bcr.jpg
2026-06-26 18:34:53,945 - main - INFO - Corrected image saved to: outputs\processed\bcr_corrected.jpg
2026-06-26 18:34:54,271 - main - INFO - Enhanced image saved to: outputs\processed\bcr_enhanced.jpg
2026-06-26 18:34:54,782 - main - INFO - Successfully processed image in 891.34ms
2026-06-26 18:34:54,828 - main - INFO - Processing image: ./samples\businesscard.jpg
2026-06-26 18:34:54,870 - main - INFO - Debug image saved to: outputs\debug\businesscard.jpg
2026-06-26 18:34:54,923 - main - INFO - Corrected image saved to: outputs\processed\businesscard_corrected.jpg
2026-06-26 18:34:55,517 - main - INFO - Enhanced image saved to: outputs\processed\businesscard_enhanced.jpg
2026-06-26 18:34:56,855 - main - INFO - Successfully processed image in 2071.90ms
2026-06-26 18:34:56,869 - main - INFO - Processing image: ./samples\business_card_perspective.jpg
2026-06-26 18:34:56,888 - main - INFO - Debug image saved to: outputs\debug\business_card_perspective.jpg
2026-06-26 18:34:56,922 - main - INFO - Corrected image saved to: outputs\processed\business_card_perspective_corrected.jpg
2026-06-26 18:34:57,411 - main - INFO - Enhanced image saved to: outputs\processed\business_card_perspective_enhanced.jpg
2026-06-26 18:34:57,975 - main - INFO - Successfully processed image in 1118.31ms
2026-06-26 18:34:57,990 - main - INFO - Processing image: ./samples\ss.jpg
2026-06-26 18:34:58,027 - main - WARNING - No document detected in the image
2026-06-26 18:34:58,037 - main - INFO - Processing image: ./samples\bcrv2.png
2026-06-26 18:34:58,046 - main - INFO - Debug image saved to: outputs\debug\bcrv2.png
2026-06-26 18:34:58,074 - main - INFO - Corrected image saved to: outputs\processed\bcrv2_corrected.png
2026-06-26 18:34:58,400 - main - INFO - Enhanced image saved to: outputs\processed\bcrv2_enhanced.png
2026-06-26 18:34:58,918 - main - INFO - Successfully processed image in 890.81ms
2026-06-26 18:34:58,941 - main - INFO - Processing image: ./samples\businesscard.png
2026-06-26 18:34:58,975 - main - INFO - Debug image saved to: outputs\debug\businesscard.png
2026-06-26 18:34:59,030 - main - INFO - Corrected image saved to: outputs\processed\businesscard_corrected.png
2026-06-26 18:34:59,603 - main - INFO - Enhanced image saved to: outputs\processed\businesscard_enhanced.png
2026-06-26 18:35:00,599 - main - INFO - Successfully processed image in 1679.52ms
2026-06-26 18:35:00,603 - main - INFO - Processing image: ./samples\sample-bc.png
2026-06-26 18:35:00,623 - main - WARNING - No document detected in the image
2026-06-26 18:38:11,358 - main - INFO - Processing image: C:\Users\aisal\AppData\Local\Temp\tmpctdt9w5g.png
2026-06-26 18:38:11,387 - main - WARNING - No document detected in the image
2026-06-26 18:38:17,685 - main - INFO - Processing image: C:\Users\aisal\AppData\Local\Temp\tmphfhpfu1p.png
2026-06-26 18:38:17,700 - main - WARNING - No document detected in the image
2026-06-26 18:40:35,348 - main - INFO - Processing image: C:\Users\aisal\AppData\Local\Temp\tmp0zxxtr4v.png
2026-06-26 18:40:35,392 - main - WARNING - No document detected in the image
2026-06-26 18:40:37,105 - main - INFO - Processing image: C:\Users\aisal\AppData\Local\Temp\tmpcge6pqre.png
2026-06-26 18:40:37,125 - main - WARNING - No document detected in the image
2026-06-26 18:40:48,153 - main - INFO - Processing image: C:\Users\aisal\AppData\Local\Temp\tmpqovzjkx8.jpg
2026-06-26 18:40:48,175 - main - INFO - Debug image saved to: outputs\debug\tmpqovzjkx8.jpg
2026-06-26 18:40:48,210 - main - INFO - Corrected image saved to: outputs\processed\tmpqovzjkx8_corrected.jpg
2026-06-26 18:40:48,742 - main - INFO - Enhanced image saved to: outputs\processed\tmpqovzjkx8_enhanced.jpg
2026-06-26 18:40:49,448 - main - INFO - Successfully processed image in 1308.87ms
2026-06-26 18:40:52,209 - main - INFO - Processing image: C:\Users\aisal\AppData\Local\Temp\tmp599bwtjb.jpg
2026-06-26 18:40:52,228 - main - INFO - Debug image saved to: outputs\debug\tmp599bwtjb.jpg
2026-06-26 18:40:52,256 - main - INFO - Corrected image saved to: outputs\processed\tmp599bwtjb_corrected.jpg
2026-06-26 18:40:52,661 - main - INFO - Enhanced image saved to: outputs\processed\tmp599bwtjb_enhanced.jpg
2026-06-26 18:40:53,146 - main - INFO - Successfully processed image in 947.96ms
2026-06-26 18:41:10,144 - main - INFO - Processing image: C:\Users\aisal\AppData\Local\Temp\tmpr6luudyj.jpg
2026-06-26 18:41:10,178 - main - INFO - Debug image saved to: outputs\debug\tmpr6luudyj.jpg
2026-06-26 18:41:10,233 - main - INFO - Corrected image saved to: outputs\processed\tmpr6luudyj_corrected.jpg
2026-06-26 18:41:10,819 - main - INFO - Enhanced image saved to: outputs\processed\tmpr6luudyj_enhanced.jpg
2026-06-26 18:41:11,611 - main - INFO - Successfully processed image in 1482.82ms
2026-06-26 18:41:43,086 - main - INFO - Processing image: C:\Users\aisal\AppData\Local\Temp\tmpm5lhausr.jpg
2026-06-26 18:41:43,108 - main - INFO - Debug image saved to: outputs\debug\tmpm5lhausr.jpg
2026-06-26 18:41:43,129 - main - INFO - Corrected image saved to: outputs\processed\tmpm5lhausr_corrected.jpg
2026-06-26 18:41:43,526 - main - INFO - Enhanced image saved to: outputs\processed\tmpm5lhausr_enhanced.jpg
2026-06-26 18:41:44,199 - main - INFO - Successfully processed image in 1129.41ms
2026-06-26 18:43:27,770 - main - INFO - Processing image: C:\Users\aisal\AppData\Local\Temp\tmpl1zx9ij8.png
2026-06-26 18:43:27,793 - main - WARNING - No document detected in the image
2026-06-26 18:43:51,171 - main - INFO - Processing image: C:\Users\aisal\AppData\Local\Temp\tmpjqutc8cc.jpg
2026-06-26 18:43:51,239 - main - INFO - Debug image saved to: outputs\debug\tmpjqutc8cc.jpg
2026-06-26 18:43:51,310 - main - INFO - Corrected image saved to: outputs\processed\tmpjqutc8cc_corrected.jpg
2026-06-26 18:43:52,007 - main - INFO - Enhanced image saved to: outputs\processed\tmpjqutc8cc_enhanced.jpg
2026-06-26 18:43:53,539 - main - INFO - Successfully processed image in 2437.70ms
2026-06-26 18:53:59,491 - main - INFO - Processing image: samples/sample-bc.png
2026-06-26 18:53:59,515 - main - WARNING - No document detected in the image
2026-06-26 18:54:11,314 - main - INFO - Processing image: samples/bcn.jpg
2026-06-26 18:54:11,339 - main - INFO - Debug image saved to: outputs\debug\bcn.jpg
2026-06-26 18:54:11,367 - main - INFO - Corrected image saved to: outputs\processed\bcn_corrected.jpg
2026-06-26 18:54:11,748 - main - INFO - Enhanced image saved to: outputs\processed\bcn_enhanced.jpg
2026-06-26 18:54:12,255 - main - INFO - Successfully processed image in 946.90ms
2026-06-26 19:40:12,372 - main - INFO - Processing image: samples/bcn.jpg
2026-06-26 19:40:12,422 - main - INFO - Debug image saved to: outputs\debug\bcn.jpg
2026-06-26 19:40:12,448 - main - INFO - Corrected image saved to: outputs\processed\bcn_corrected.jpg
2026-06-26 19:40:12,795 - main - INFO - Enhanced image saved to: outputs\processed\bcn_enhanced.jpg
2026-06-26 19:40:13,301 - main - INFO - Successfully processed image in 941.21ms
2026-06-26 19:58:23,245 - main - INFO - Processing image: samples/bcn.jpg
2026-06-26 19:58:23,349 - main - INFO - Debug image saved to: outputs\debug\bcn.jpg
2026-06-26 19:58:23,382 - main - INFO - Corrected image saved to: outputs\processed\bcn_corrected.jpg
2026-06-26 19:58:23,879 - main - INFO - Enhanced image saved to: outputs\processed\bcn_enhanced.jpg
2026-06-26 19:58:24,550 - main - INFO - Successfully processed image in 1310.39ms
2026-06-26 19:59:27,614 - main - INFO - Processing image: samples/sample-bc.png
2026-06-26 19:59:27,640 - main - INFO - Debug image saved to: outputs\debug\sample-bc.png
2026-06-26 19:59:27,665 - main - INFO - Corrected image saved to: outputs\processed\sample-bc_corrected.png
2026-06-26 19:59:27,928 - main - INFO - Enhanced image saved to: outputs\processed\sample-bc_enhanced.png
2026-06-26 19:59:28,346 - main - INFO - Successfully processed image in 738.73ms
2026-06-26 20:00:29,838 - main - INFO - Processing image: C:\Users\aisal\AppData\Local\Temp\tmpdllioia_.png
2026-06-26 20:00:29,882 - main - INFO - Debug image saved to: outputs\debug\tmpdllioia_.png
2026-06-26 20:00:29,927 - main - INFO - Corrected image saved to: outputs\processed\tmpdllioia__corrected.png
2026-06-26 20:00:30,397 - main - INFO - Enhanced image saved to: outputs\processed\tmpdllioia__enhanced.png
2026-06-26 20:00:31,350 - main - INFO - Successfully processed image in 1524.59ms
2026-06-26 20:17:48,149 - main - INFO - Processing image: C:\Users\aisal\AppData\Local\Temp\tmpp8froy1s.png
2026-06-26 20:17:48,185 - main - INFO - Debug image saved to: outputs\debug\tmpp8froy1s.png
2026-06-26 20:17:48,228 - main - INFO - Corrected image saved to: outputs\processed\tmpp8froy1s_corrected.png
2026-06-26 20:17:48,701 - main - INFO - Enhanced image saved to: outputs\processed\tmpp8froy1s_enhanced.png
2026-06-26 20:17:49,410 - main - INFO - Successfully processed image in 1273.57ms
2026-06-26 20:54:18,807 - main - INFO - Processing image: C:\Users\aisal\AppData\Local\Temp\tmp9zr6bt8f.jpeg
2026-06-26 20:54:19,323 - main - INFO - Debug image saved to: outputs\debug\tmp9zr6bt8f.jpeg
2026-06-26 20:54:19,397 - main - INFO - Corrected image saved to: outputs\processed\tmp9zr6bt8f_corrected.jpeg
2026-06-26 20:54:20,293 - main - INFO - Enhanced image saved to: outputs\processed\tmp9zr6bt8f_enhanced.jpeg
2026-06-26 20:54:21,832 - main - INFO - Successfully processed image in 3089.52ms
2026-06-26 21:18:09,628 - main - INFO - Processing image: C:\Users\aisal\AppData\Local\Temp\tmpg93nu70x.png
2026-06-26 21:18:10,350 - main - INFO - Debug image saved to: outputs\debug\tmpg93nu70x.png
2026-06-26 21:18:10,761 - main - INFO - Corrected image saved to: outputs\processed\tmpg93nu70x_corrected.png
2026-06-26 21:18:12,942 - main - INFO - Enhanced image saved to: outputs\processed\tmpg93nu70x_enhanced.png
2026-06-26 21:18:16,280 - main - INFO - Successfully processed image in 6772.31ms
2026-06-26 22:39:12,535 - main - INFO - Processing image: C:\Users\aisal\AppData\Local\Temp\tmpma69i4bv.jpg
2026-06-26 22:39:12,866 - main - INFO - Debug image saved to: outputs\debug\tmpma69i4bv.jpg
2026-06-26 22:39:12,903 - main - INFO - Corrected image saved to: outputs\processed\tmpma69i4bv_corrected.jpg
2026-06-26 22:39:13,446 - main - INFO - Enhanced image saved to: outputs\processed\tmpma69i4bv_enhanced.jpg
2026-06-26 22:39:15,822 - main - INFO - Successfully processed image in 3327.37ms
2026-06-26 22:44:31,773 - main - INFO - Processing image: C:\Users\aisal\AppData\Local\Temp\tmp5ptx8qhh.png
2026-06-26 22:44:32,134 - main - INFO - Debug image saved to: outputs\debug\tmp5ptx8qhh.png
2026-06-26 22:44:32,324 - main - INFO - Corrected image saved to: outputs\processed\tmp5ptx8qhh_corrected.png
2026-06-26 22:44:34,327 - main - INFO - Enhanced image saved to: outputs\processed\tmp5ptx8qhh_enhanced.png
2026-06-26 22:44:35,216 - main - INFO - Successfully processed image in 3475.09ms
2026-06-26 22:53:46,864 - main - INFO - Processing image: C:\Users\aisal\AppData\Local\Temp\tmp3zrtlyxu.jpg
2026-06-26 22:53:47,085 - main - INFO - Debug image saved to: outputs\debug\tmp3zrtlyxu.jpg
2026-06-26 22:53:47,153 - main - INFO - Corrected image saved to: outputs\processed\tmp3zrtlyxu_corrected.jpg
2026-06-26 22:53:47,952 - main - INFO - Enhanced image saved to: outputs\processed\tmp3zrtlyxu_enhanced.jpg
2026-06-26 22:53:48,703 - main - INFO - Successfully processed image in 1860.10ms
2026-06-26 22:56:09,368 - main - INFO - Processing image: C:\Users\aisal\AppData\Local\Temp\tmpbhkouvki.png
2026-06-26 22:56:09,497 - main - INFO - Debug image saved to: outputs\debug\tmpbhkouvki.png
2026-06-26 22:56:09,597 - main - INFO - Corrected image saved to: outputs\processed\tmpbhkouvki_corrected.png
2026-06-26 22:56:10,086 - main - INFO - Enhanced image saved to: outputs\processed\tmpbhkouvki_enhanced.png
2026-06-26 22:56:10,688 - main - INFO - Successfully processed image in 1341.06ms
2026-06-26 23:58:38,851 - main - INFO - Processing image: C:\Users\aisal\AppData\Local\Temp\tmpoecmjq_r.png
2026-06-26 23:58:39,105 - main - INFO - Debug image saved to: outputs\debug\tmpoecmjq_r.png
2026-06-26 23:58:39,232 - main - INFO - Corrected image saved to: outputs\processed\tmpoecmjq_r_corrected.png
2026-06-26 23:58:39,980 - main - INFO - Enhanced image saved to: outputs\processed\tmpoecmjq_r_enhanced.png
2026-06-26 23:58:41,172 - main - INFO - Successfully processed image in 2348.04ms
2026-06-27 00:51:11,221 - main - INFO - Processing image: C:\Users\aisal\AppData\Local\Temp\tmp6dn8x2gr.jpg
2026-06-27 00:51:11,421 - main - INFO - Debug image saved to: outputs\debug\tmp6dn8x2gr.jpg
2026-06-27 00:51:11,465 - main - INFO - Corrected image saved to: outputs\processed\tmp6dn8x2gr_corrected.jpg
2026-06-27 00:51:11,891 - main - INFO - Enhanced image saved to: outputs\processed\tmp6dn8x2gr_enhanced.jpg
2026-06-27 00:51:12,818 - main - INFO - Successfully processed image in 1616.56ms
2026-06-27 00:51:32,707 - main - INFO - Processing image: C:\Users\aisal\AppData\Local\Temp\tmpxzco0b1b.png
2026-06-27 00:51:32,733 - main - INFO - Debug image saved to: outputs\debug\tmpxzco0b1b.png
2026-06-27 00:51:32,767 - main - INFO - Corrected image saved to: outputs\processed\tmpxzco0b1b_corrected.png
2026-06-27 00:51:33,071 - main - INFO - Enhanced image saved to: outputs\processed\tmpxzco0b1b_enhanced.png
2026-06-27 00:51:33,587 - main - INFO - Successfully processed image in 895.83ms
2026-06-27 01:31:03,991 - main - INFO - Processing image: C:\Users\aisal\AppData\Local\Temp\tmp2ntezu97.png
2026-06-27 01:31:04,239 - main - INFO - Debug image saved to: outputs\debug\tmp2ntezu97.png
2026-06-27 01:31:04,281 - main - INFO - Corrected image saved to: outputs\processed\tmp2ntezu97_corrected.png
2026-06-27 01:31:04,566 - main - INFO - Enhanced image saved to: outputs\processed\tmp2ntezu97_enhanced.png
2026-06-27 01:31:05,062 - main - INFO - Successfully processed image in 1113.45ms
2026-06-27 01:31:24,809 - main - INFO - Processing image: C:\Users\aisal\AppData\Local\Temp\tmp3yt1za7w.png
2026-06-27 01:31:24,832 - main - INFO - Debug image saved to: outputs\debug\tmp3yt1za7w.png
2026-06-27 01:31:24,859 - main - INFO - Corrected image saved to: outputs\processed\tmp3yt1za7w_corrected.png
2026-06-27 01:31:25,151 - main - INFO - Enhanced image saved to: outputs\processed\tmp3yt1za7w_enhanced.png
2026-06-27 01:31:25,641 - main - INFO - Successfully processed image in 840.70ms
2026-06-27 01:37:15,123 - main - INFO - Processing image: C:\Users\aisal\AppData\Local\Temp\tmpy5s80kph.png
2026-06-27 01:37:15,153 - main - INFO - Debug image saved to: outputs\debug\tmpy5s80kph.png
2026-06-27 01:37:15,185 - main - INFO - Corrected image saved to: outputs\processed\tmpy5s80kph_corrected.png
2026-06-27 01:37:15,465 - main - INFO - Enhanced image saved to: outputs\processed\tmpy5s80kph_enhanced.png
2026-06-27 01:37:16,012 - main - INFO - Successfully processed image in 899.03ms
2026-06-27 01:37:59,406 - main - INFO - Processing image: samples/bcn.jpg
2026-06-27 01:37:59,486 - main - INFO - Debug image saved to: outputs\debug\bcn.jpg
2026-06-27 01:37:59,514 - main - INFO - Corrected image saved to: outputs\processed\bcn_corrected.jpg
2026-06-27 01:37:59,805 - main - INFO - Enhanced image saved to: outputs\processed\bcn_enhanced.jpg
2026-06-27 01:38:00,231 - main - INFO - Successfully processed image in 829.59ms
2026-06-27 01:38:20,888 - main - INFO - Processing image: samples/bccc.png
2026-06-27 01:38:20,965 - main - INFO - Debug image saved to: outputs\debug\bccc.png
2026-06-27 01:38:21,000 - main - INFO - Corrected image saved to: outputs\processed\bccc_corrected.png
2026-06-27 01:38:21,231 - main - INFO - Enhanced image saved to: outputs\processed\bccc_enhanced.png
2026-06-27 01:38:21,674 - main - INFO - Successfully processed image in 797.03ms
2026-06-27 01:39:10,704 - main - INFO - Processing image: samples/bcrv2.png
2026-06-27 01:39:10,730 - main - INFO - Debug image saved to: outputs\debug\bcrv2.png
2026-06-27 01:39:10,755 - main - INFO - Corrected image saved to: outputs\processed\bcrv2_corrected.png
2026-06-27 01:39:10,987 - main - INFO - Enhanced image saved to: outputs\processed\bcrv2_enhanced.png
2026-06-27 01:39:11,479 - main - INFO - Successfully processed image in 784.74ms
2026-06-27 10:58:37,035 - main - INFO - Processing image: ./samples\bcll.jpg
2026-06-27 10:58:37,159 - main - INFO - Debug image saved to: outputs\debug\bcll.jpg
2026-06-27 10:58:37,187 - main - INFO - Corrected image saved to: outputs\processed\bcll_corrected.jpg
2026-06-27 10:58:37,487 - main - INFO - Enhanced image saved to: outputs\processed\bcll_enhanced.jpg
2026-06-27 10:58:37,973 - main - INFO - Successfully processed image in 959.93ms
2026-06-27 10:58:37,986 - main - INFO - Processing image: ./samples\bcn.jpg
2026-06-27 10:58:38,062 - main - INFO - Debug image saved to: outputs\debug\bcn.jpg
2026-06-27 10:58:38,092 - main - INFO - Corrected image saved to: outputs\processed\bcn_corrected.jpg
2026-06-27 10:58:38,407 - main - INFO - Enhanced image saved to: outputs\processed\bcn_enhanced.jpg
2026-06-27 10:58:38,835 - main - INFO - Successfully processed image in 860.29ms
2026-06-27 10:58:38,851 - main - INFO - Processing image: ./samples\bcnoise.jpg
2026-06-27 10:58:38,924 - main - INFO - Debug image saved to: outputs\debug\bcnoise.jpg
2026-06-27 10:58:38,951 - main - INFO - Corrected image saved to: outputs\processed\bcnoise_corrected.jpg
2026-06-27 10:58:39,241 - main - INFO - Enhanced image saved to: outputs\processed\bcnoise_enhanced.jpg
2026-06-27 10:58:39,809 - main - INFO - Successfully processed image in 971.77ms
2026-06-27 10:58:39,825 - main - INFO - Processing image: ./samples\bcr.jpg
2026-06-27 10:58:39,917 - main - INFO - Debug image saved to: outputs\debug\bcr.jpg
2026-06-27 10:58:39,937 - main - INFO - Corrected image saved to: outputs\processed\bcr_corrected.jpg
2026-06-27 10:58:40,234 - main - INFO - Enhanced image saved to: outputs\processed\bcr_enhanced.jpg
2026-06-27 10:58:40,820 - main - INFO - Successfully processed image in 1009.19ms
2026-06-27 10:58:40,878 - main - INFO - Processing image: ./samples\businesscard.jpg
2026-06-27 10:58:41,056 - main - INFO - Debug image saved to: outputs\debug\businesscard.jpg
2026-06-27 10:58:41,125 - main - INFO - Corrected image saved to: outputs\processed\businesscard_corrected.jpg
2026-06-27 10:58:41,561 - main - INFO - Enhanced image saved to: outputs\processed\businesscard_enhanced.jpg
2026-06-27 10:58:43,030 - main - INFO - Successfully processed image in 2207.68ms
2026-06-27 10:58:43,046 - main - INFO - Processing image: ./samples\business_card_perspective.jpg
2026-06-27 10:58:43,120 - main - INFO - Debug image saved to: outputs\debug\business_card_perspective.jpg
2026-06-27 10:58:43,153 - main - INFO - Corrected image saved to: outputs\processed\business_card_perspective_corrected.jpg
2026-06-27 10:58:43,463 - main - INFO - Enhanced image saved to: outputs\processed\business_card_perspective_enhanced.jpg
2026-06-27 10:58:43,935 - main - INFO - Successfully processed image in 903.35ms
2026-06-27 10:58:43,951 - main - INFO - Processing image: ./samples\ss.jpg
2026-06-27 10:58:44,097 - main - INFO - Debug image saved to: outputs\debug\ss.jpg
2026-06-27 10:58:44,137 - main - INFO - Corrected image saved to: outputs\processed\ss_corrected.jpg
2026-06-27 10:58:44,524 - main - INFO - Enhanced image saved to: outputs\processed\ss_enhanced.jpg
2026-06-27 10:58:45,298 - main - INFO - Successfully processed image in 1359.56ms
2026-06-27 10:58:45,322 - main - INFO - Processing image: ./samples\bcc.png
2026-06-27 10:58:45,468 - main - INFO - Debug image saved to: outputs\debug\bcc.png
2026-06-27 10:58:45,500 - main - INFO - Corrected image saved to: outputs\processed\bcc_corrected.png
2026-06-27 10:58:45,772 - main - INFO - Enhanced image saved to: outputs\processed\bcc_enhanced.png
2026-06-27 10:58:46,121 - main - INFO - Successfully processed image in 820.82ms
2026-06-27 10:58:46,139 - main - INFO - Processing image: ./samples\bccc.png
2026-06-27 10:58:46,209 - main - INFO - Debug image saved to: outputs\debug\bccc.png
2026-06-27 10:58:46,250 - main - INFO - Corrected image saved to: outputs\processed\bccc_corrected.png
2026-06-27 10:58:46,533 - main - INFO - Enhanced image saved to: outputs\processed\bccc_enhanced.png
2026-06-27 10:58:47,030 - main - INFO - Successfully processed image in 908.59ms
2026-06-27 10:58:47,043 - main - INFO - Processing image: ./samples\bcrv2.png
2026-06-27 10:58:47,069 - main - INFO - Debug image saved to: outputs\debug\bcrv2.png
2026-06-27 10:58:47,100 - main - INFO - Corrected image saved to: outputs\processed\bcrv2_corrected.png
2026-06-27 10:58:47,407 - main - INFO - Enhanced image saved to: outputs\processed\bcrv2_enhanced.png
2026-06-27 10:58:48,063 - main - INFO - Successfully processed image in 1030.56ms
2026-06-27 10:58:48,090 - main - INFO - Processing image: ./samples\businesscard.png
2026-06-27 10:58:48,297 - main - INFO - Debug image saved to: outputs\debug\businesscard.png
2026-06-27 10:58:48,393 - main - INFO - Corrected image saved to: outputs\processed\businesscard_corrected.png
2026-06-27 10:58:49,179 - main - INFO - Enhanced image saved to: outputs\processed\businesscard_enhanced.png
2026-06-27 10:58:50,730 - main - INFO - Successfully processed image in 2664.75ms
2026-06-27 10:58:50,756 - main - INFO - Processing image: ./samples\diploma.png
2026-06-27 10:58:50,968 - main - INFO - Debug image saved to: outputs\debug\diploma.png
2026-06-27 10:58:51,030 - main - INFO - Corrected image saved to: outputs\processed\diploma_corrected.png
2026-06-27 10:58:51,543 - main - INFO - Enhanced image saved to: outputs\processed\diploma_enhanced.png
2026-06-27 10:58:52,798 - main - INFO - Successfully processed image in 2063.48ms
2026-06-27 10:58:52,820 - main - INFO - Processing image: ./samples\diploma2.png
2026-06-27 10:58:52,976 - main - WARNING - No document detected in the image
2026-06-27 10:58:52,993 - main - INFO - Processing image: ./samples\sample-bc.png
2026-06-27 10:58:53,033 - main - INFO - Debug image saved to: outputs\debug\sample-bc.png
2026-06-27 10:58:53,081 - main - INFO - Corrected image saved to: outputs\processed\sample-bc_corrected.png
2026-06-27 10:58:53,542 - main - INFO - Enhanced image saved to: outputs\processed\sample-bc_enhanced.png
2026-06-27 10:58:54,177 - main - INFO - Successfully processed image in 1199.82ms
2026-06-27 11:39:33,656 - main - INFO - Processing image: C:\Users\aisal\AppData\Local\Temp\tmpfzari2u5.png
2026-06-27 11:39:33,804 - main - WARNING - No document detected in the image
2026-06-27 11:39:54,900 - main - INFO - Processing image: C:\Users\aisal\AppData\Local\Temp\tmpb9hzm_st.png
2026-06-27 11:39:55,066 - main - INFO - Debug image saved to: outputs\debug\tmpb9hzm_st.png
2026-06-27 11:39:55,093 - main - INFO - Corrected image saved to: outputs\processed\tmpb9hzm_st_corrected.png
2026-06-27 11:39:55,387 - main - INFO - Enhanced image saved to: outputs\processed\tmpb9hzm_st_enhanced.png
2026-06-27 11:39:56,168 - main - INFO - Successfully processed image in 1283.56ms
2026-06-27 11:49:03,197 - main - INFO - Processing image: C:\Users\aisal\AppData\Local\Temp\tmpsy1hs2zh.png
2026-06-27 11:49:03,443 - main - WARNING - No document detected in the image
2026-06-27 11:49:21,469 - main - INFO - Processing image: C:\Users\aisal\AppData\Local\Temp\tmplvufqlc_.png
2026-06-27 11:49:21,709 - main - WARNING - No document detected in the image
2026-06-27 11:51:01,670 - main - INFO - Processing image: C:\Users\aisal\AppData\Local\Temp\tmpld_evjem.jpg
2026-06-27 11:51:01,757 - main - INFO - Debug image saved to: outputs\debug\tmpld_evjem.jpg
2026-06-27 11:51:01,782 - main - INFO - Corrected image saved to: outputs\processed\tmpld_evjem_corrected.jpg
2026-06-27 11:51:02,084 - main - INFO - Enhanced image saved to: outputs\processed\tmpld_evjem_enhanced.jpg
2026-06-27 11:51:02,752 - main - INFO - Successfully processed image in 1107.39ms
2026-06-27 11:55:30,306 - main - INFO - Processing image: C:\Users\aisal\AppData\Local\Temp\tmpo582_rph.png
2026-06-27 11:55:30,609 - main - INFO - Debug image saved to: outputs\debug\tmpo582_rph.png
2026-06-27 11:55:30,642 - main - INFO - Corrected image saved to: outputs\processed\tmpo582_rph_corrected.png
2026-06-27 11:55:30,943 - main - INFO - Enhanced image saved to: outputs\processed\tmpo582_rph_enhanced.png
2026-06-27 11:55:31,423 - main - INFO - Successfully processed image in 1138.30ms
2026-06-28 16:51:11,014 - main - INFO - Processing image: C:\Users\aisal\AppData\Local\Temp\tmpkw6v8gl8.png
2026-06-28 16:51:11,562 - main - WARNING - No document detected in the image
2026-06-28 16:51:32,075 - main - INFO - Processing image: C:\Users\aisal\AppData\Local\Temp\tmplikr8f7z.jpeg
2026-06-28 16:51:32,278 - main - INFO - Debug image saved to: outputs\debug\tmplikr8f7z.jpeg
2026-06-28 16:51:32,332 - main - INFO - Corrected image saved to: outputs\processed\tmplikr8f7z_corrected.jpeg
2026-06-28 16:51:32,760 - main - INFO - Enhanced image saved to: outputs\processed\tmplikr8f7z_enhanced.jpeg
2026-06-28 16:51:35,789 - main - INFO - Successfully processed image in 3753.09ms
2026-06-28 16:54:03,192 - main - INFO - Processing image: C:\Users\aisal\AppData\Local\Temp\tmpr1pzl7x2.jpeg
2026-06-28 16:54:03,853 - main - WARNING - No document detected in the image
2026-06-28 16:54:46,130 - main - INFO - Processing image: C:\Users\aisal\AppData\Local\Temp\tmp0jqsl4av.png
2026-06-28 16:54:46,158 - main - INFO - Debug image saved to: outputs\debug\tmp0jqsl4av.png
2026-06-28 16:54:46,188 - main - INFO - Corrected image saved to: outputs\processed\tmp0jqsl4av_corrected.png
2026-06-28 16:54:46,470 - main - INFO - Enhanced image saved to: outputs\processed\tmp0jqsl4av_enhanced.png
2026-06-28 16:54:46,937 - main - INFO - Successfully processed image in 814.96ms
2026-06-28 17:08:26,646 - main - INFO - Processing image: C:\Users\aisal\AppData\Local\Temp\tmpfpbv4zl6.png
2026-06-28 17:08:26,691 - main - INFO - Debug image saved to: outputs\debug\tmpfpbv4zl6.png
2026-06-28 17:08:26,729 - main - INFO - Corrected image saved to: outputs\processed\tmpfpbv4zl6_corrected.png
2026-06-28 17:08:27,031 - main - INFO - Enhanced image saved to: outputs\processed\tmpfpbv4zl6_enhanced.png
2026-06-28 17:08:27,559 - main - INFO - Successfully processed image in 936.06ms
2026-06-29 00:17:40,939 - main - INFO - Processing image: C:\Users\aisal\AppData\Local\Temp\tmpjalmv2f0.jpg
2026-06-29 00:17:41,062 - main - INFO - Debug image saved to: outputs\debug\tmpjalmv2f0.jpg
2026-06-29 00:17:41,089 - main - INFO - Corrected image saved to: outputs\processed\tmpjalmv2f0_corrected.jpg
2026-06-29 00:17:41,415 - main - INFO - Enhanced image saved to: outputs\processed\tmpjalmv2f0_enhanced.jpg
2026-06-29 00:17:42,809 - main - INFO - Successfully processed image in 1900.99ms
2026-06-29 00:18:30,394 - main - INFO - Processing image: C:\Users\aisal\AppData\Local\Temp\tmpxs_z8x4h.jpeg
2026-06-29 00:18:30,573 - main - INFO - Debug image saved to: outputs\debug\tmpxs_z8x4h.jpeg
2026-06-29 00:18:30,623 - main - INFO - Corrected image saved to: outputs\processed\tmpxs_z8x4h_corrected.jpeg
2026-06-29 00:18:30,996 - main - INFO - Enhanced image saved to: outputs\processed\tmpxs_z8x4h_enhanced.jpeg
2026-06-29 00:18:33,062 - main - INFO - Successfully processed image in 2707.34ms
2026-06-29 00:24:17,715 - main - INFO - Processing image: C:\Users\aisal\AppData\Local\Temp\tmpcbicokkx.jpeg
2026-06-29 00:24:18,320 - main - WARNING - No document detected in the image
